<?xml version="1.0" encoding="utf-8"?><testsuites name="pytest tests"><testsuite name="pytest" errors="0" failures="0" skipped="0" tests="17" time="5.294" timestamp="2026-03-13T06:35:23.426341+00:00" hostname="agent-env-e7bbaf49-2bb8-447a-ba7b-8fd4be6ef094"><testcase classname="backend.tests.test_api_core" name="test_platform_overview_public" time="0.190" /><testcase classname="backend.tests.test_api_core" name="test_register_duplicate_email_rejected" time="0.359" /><testcase classname="backend.tests.test_api_core" name="test_me_returns_registered_user" time="0.404" /><testcase classname="backend.tests.test_api_core" name="test_chart_current_returns_404_before_creation" time="0.057" /><testcase classname="backend.tests.test_api_core" name="test_create_chart_and_verify_persistence" time="0.750" /><testcase classname="backend.tests.test_api_core" name="test_readings_tiers[snapshot-True-False]" time="0.060" /><testcase classname="backend.tests.test_api_core" name="test_readings_tiers[profile-False-True]" time="0.052" /><testcase classname="backend.tests.test_api_core" name="test_readings_tiers[blueprint-False-True]" time="0.050" /><testcase classname="backend.tests.test_api_core" name="test_readings_tiers[master-False-True]" time="0.054" /><testcase classname="backend.tests.test_api_core" name="test_daily_insights_payload" time="0.051" /><testcase classname="backend.tests.test_api_core" name="test_me_reflects_has_chart_after_chart_creation" time="0.057" /><testcase classname="backend.tests.test_billing_academy_chart_update" name="test_billing_tiers_returns_expected_structure" time="0.885" /><testcase classname="backend.tests.test_billing_academy_chart_update" name="test_checkout_session_creation_for_locked_tier" time="0.631" /><testcase classname="backend.tests.test_billing_academy_chart_update" name="test_checkout_status_sync_for_created_session" time="0.666" /><testcase classname="backend.tests.test_billing_academy_chart_update" name="test_academy_catalog_loads_courses_modules_lessons" time="0.049" /><testcase classname="backend.tests.test_billing_academy_chart_update" name="test_put_chart_current_overwrites_existing_chart" time="0.810" /><testcase classname="backend.tests.test_billing_academy_chart_update" name="test_existing_daily_and_snapshot_flows_still_work" time="0.093" /></testsuite></testsuites>