<?xml version="1.0" encoding="utf-8"?><testsuites name="pytest tests"><testsuite name="pytest" errors="0" failures="0" skipped="0" tests="22" time="35.188" timestamp="2026-03-13T07:04:45.531355+00:00" hostname="agent-env-e7bbaf49-2bb8-447a-ba7b-8fd4be6ef094"><testcase classname="backend.tests.test_ai_astrologer" name="test_ai_session_is_blocked_for_snapshot_user" time="1.035" /><testcase classname="backend.tests.test_ai_astrologer" name="test_ai_message_blocked_for_snapshot_tier" time="0.047" /><testcase classname="backend.tests.test_ai_astrologer" name="test_ai_message_allowed_for_blueprint_and_returns_chart_aware_reply" time="9.830" /><testcase classname="backend.tests.test_ai_astrologer" name="test_ai_session_returns_persisted_messages_for_same_session" time="10.136" /><testcase classname="backend.tests.test_ai_astrologer" name="test_ai_message_accepts_focus_context_payload" time="9.944" /><testcase classname="backend.tests.test_api_core" name="test_platform_overview_public" time="0.170" /><testcase classname="backend.tests.test_api_core" name="test_register_duplicate_email_rejected" time="0.331" /><testcase classname="backend.tests.test_api_core" name="test_me_returns_registered_user" time="0.391" /><testcase classname="backend.tests.test_api_core" name="test_chart_current_returns_404_before_creation" time="0.059" /><testcase classname="backend.tests.test_api_core" name="test_create_chart_and_verify_persistence" time="0.345" /><testcase classname="backend.tests.test_api_core" name="test_readings_tiers[snapshot-True-False]" time="0.061" /><testcase classname="backend.tests.test_api_core" name="test_readings_tiers[profile-False-True]" time="0.059" /><testcase classname="backend.tests.test_api_core" name="test_readings_tiers[blueprint-False-True]" time="0.058" /><testcase classname="backend.tests.test_api_core" name="test_readings_tiers[master-False-True]" time="0.067" /><testcase classname="backend.tests.test_api_core" name="test_daily_insights_payload" time="0.061" /><testcase classname="backend.tests.test_api_core" name="test_me_reflects_has_chart_after_chart_creation" time="0.056" /><testcase classname="backend.tests.test_billing_academy_chart_update" name="test_billing_tiers_returns_expected_structure" time="0.751" /><testcase classname="backend.tests.test_billing_academy_chart_update" name="test_checkout_session_creation_for_locked_tier" time="0.538" /><testcase classname="backend.tests.test_billing_academy_chart_update" name="test_checkout_status_sync_for_created_session" time="0.685" /><testcase classname="backend.tests.test_billing_academy_chart_update" name="test_academy_catalog_loads_courses_modules_lessons" time="0.050" /><testcase classname="backend.tests.test_billing_academy_chart_update" name="test_put_chart_current_overwrites_existing_chart" time="0.269" /><testcase classname="backend.tests.test_billing_academy_chart_update" name="test_existing_daily_and_snapshot_flows_still_work" time="0.117" /></testsuite></testsuites>